Traceback (most recent call last):
  File "/Users/aj/opt/anaconda3/envs/DA4CHE/lib/python3.10/site-packages/jupyter_core/utils/__init__.py", line 154, in wrapped
    asyncio.get_running_loop()
RuntimeError: no running event loop

During handling of the above exception, another exception occurred:

Traceback (most recent call last):
  File "/Users/aj/opt/anaconda3/envs/DA4CHE/lib/python3.10/site-packages/jupyter_cache/executors/utils.py", line 58, in single_nb_execution
    executenb(
  File "/Users/aj/opt/anaconda3/envs/DA4CHE/lib/python3.10/site-packages/nbclient/client.py", line 1319, in execute
    return NotebookClient(nb=nb, resources=resources, km=km, **kwargs).execute()
  File "/Users/aj/opt/anaconda3/envs/DA4CHE/lib/python3.10/site-packages/jupyter_core/utils/__init__.py", line 158, in wrapped
    return loop.run_until_complete(inner)
  File "/Users/aj/opt/anaconda3/envs/DA4CHE/lib/python3.10/asyncio/base_events.py", line 649, in run_until_complete
    return future.result()
  File "/Users/aj/opt/anaconda3/envs/DA4CHE/lib/python3.10/site-packages/nbclient/client.py", line 709, in async_execute
    await self.async_execute_cell(
  File "/Users/aj/opt/anaconda3/envs/DA4CHE/lib/python3.10/site-packages/nbclient/client.py", line 1062, in async_execute_cell
    await self._check_raise_for_error(cell, cell_index, exec_reply)
  File "/Users/aj/opt/anaconda3/envs/DA4CHE/lib/python3.10/site-packages/nbclient/client.py", line 918, in _check_raise_for_error
    raise CellExecutionError.from_cell_and_msg(cell, exec_reply_content)
nbclient.exceptions.CellExecutionError: An error occurred while executing the following cell:
------------------
from sklearn.linear_model import LinearRegression

# Use the PCA projection computed earlier in this topic (PC_projection)
model = LinearRegression()  # create a linear regression model instance
model.fit(PC_projection, y)  # fit the model
r2 = model.score(PC_projection, y)  # r^2 on the same data
print(f"r^2 = {r2:.3f}")
------------------


[0;31m---------------------------------------------------------------------------[0m
[0;31mValueError[0m                                Traceback (most recent call last)
Cell [0;32mIn[31], line 5[0m
[1;32m      3[0m [38;5;66;03m# Use the PCA projection computed earlier in this topic (PC_projection)[39;00m
[1;32m      4[0m model [38;5;241m=[39m LinearRegression()  [38;5;66;03m# create a linear regression model instance[39;00m
[0;32m----> 5[0m [43mmodel[49m[38;5;241;43m.[39;49m[43mfit[49m[43m([49m[43mPC_projection[49m[43m,[49m[43m [49m[43my[49m[43m)[49m  [38;5;66;03m# fit the model[39;00m
[1;32m      6[0m r2 [38;5;241m=[39m model[38;5;241m.[39mscore(PC_projection, y)  [38;5;66;03m# r^2 on the same data[39;00m
[1;32m      7[0m [38;5;28mprint[39m([38;5;124mf[39m[38;5;124m"[39m[38;5;124mr^2 = [39m[38;5;132;01m{[39;00mr2[38;5;132;01m:[39;00m[38;5;124m.3f[39m[38;5;132;01m}[39;00m[38;5;124m"[39m)

File [0;32m~/opt/anaconda3/envs/DA4CHE/lib/python3.10/site-packages/sklearn/base.py:1365[0m, in [0;36m_fit_context.<locals>.decorator.<locals>.wrapper[0;34m(estimator, *args, **kwargs)[0m
[1;32m   1358[0m     estimator[38;5;241m.[39m_validate_params()
[1;32m   1360[0m [38;5;28;01mwith[39;00m config_context(
[1;32m   1361[0m     skip_parameter_validation[38;5;241m=[39m(
[1;32m   1362[0m         prefer_skip_nested_validation [38;5;129;01mor[39;00m global_skip_validation
[1;32m   1363[0m     )
[1;32m   1364[0m ):
[0;32m-> 1365[0m     [38;5;28;01mreturn[39;00m [43mfit_method[49m[43m([49m[43mestimator[49m[43m,[49m[43m [49m[38;5;241;43m*[39;49m[43margs[49m[43m,[49m[43m [49m[38;5;241;43m*[39;49m[38;5;241;43m*[39;49m[43mkwargs[49m[43m)[49m

File [0;32m~/opt/anaconda3/envs/DA4CHE/lib/python3.10/site-packages/sklearn/linear_model/_base.py:618[0m, in [0;36mLinearRegression.fit[0;34m(self, X, y, sample_weight)[0m
[1;32m    614[0m n_jobs_ [38;5;241m=[39m [38;5;28mself[39m[38;5;241m.[39mn_jobs
[1;32m    616[0m accept_sparse [38;5;241m=[39m [38;5;28;01mFalse[39;00m [38;5;28;01mif[39;00m [38;5;28mself[39m[38;5;241m.[39mpositive [38;5;28;01melse[39;00m [[38;5;124m"[39m[38;5;124mcsr[39m[38;5;124m"[39m, [38;5;124m"[39m[38;5;124mcsc[39m[38;5;124m"[39m, [38;5;124m"[39m[38;5;124mcoo[39m[38;5;124m"[39m]
[0;32m--> 618[0m X, y [38;5;241m=[39m [43mvalidate_data[49m[43m([49m
[1;32m    619[0m [43m    [49m[38;5;28;43mself[39;49m[43m,[49m
[1;32m    620[0m [43m    [49m[43mX[49m[43m,[49m
[1;32m    621[0m [43m    [49m[43my[49m[43m,[49m
[1;32m    622[0m [43m    [49m[43maccept_sparse[49m[38;5;241;43m=[39;49m[43maccept_sparse[49m[43m,[49m
[1;32m    623[0m [43m    [49m[43my_numeric[49m[38;5;241;43m=[39;49m[38;5;28;43;01mTrue[39;49;00m[43m,[49m
[1;32m    624[0m [43m    [49m[43mmulti_output[49m[38;5;241;43m=[39;49m[38;5;28;43;01mTrue[39;49;00m[43m,[49m
[1;32m    625[0m [43m    [49m[43mforce_writeable[49m[38;5;241;43m=[39;49m[38;5;28;43;01mTrue[39;49;00m[43m,[49m
[1;32m    626[0m [43m[49m[43m)[49m
[1;32m    628[0m has_sw [38;5;241m=[39m sample_weight [38;5;129;01mis[39;00m [38;5;129;01mnot[39;00m [38;5;28;01mNone[39;00m
[1;32m    629[0m [38;5;28;01mif[39;00m has_sw:

File [0;32m~/opt/anaconda3/envs/DA4CHE/lib/python3.10/site-packages/sklearn/utils/validation.py:2971[0m, in [0;36mvalidate_data[0;34m(_estimator, X, y, reset, validate_separately, skip_check_array, **check_params)[0m
[1;32m   2969[0m         y [38;5;241m=[39m check_array(y, input_name[38;5;241m=[39m[38;5;124m"[39m[38;5;124my[39m[38;5;124m"[39m, [38;5;241m*[39m[38;5;241m*[39mcheck_y_params)
[1;32m   2970[0m     [38;5;28;01melse[39;00m:
[0;32m-> 2971[0m         X, y [38;5;241m=[39m [43mcheck_X_y[49m[43m([49m[43mX[49m[43m,[49m[43m [49m[43my[49m[43m,[49m[43m [49m[38;5;241;43m*[39;49m[38;5;241;43m*[39;49m[43mcheck_params[49m[43m)[49m
[1;32m   2972[0m     out [38;5;241m=[39m X, y
[1;32m   2974[0m [38;5;28;01mif[39;00m [38;5;129;01mnot[39;00m no_val_X [38;5;129;01mand[39;00m check_params[38;5;241m.[39mget([38;5;124m"[39m[38;5;124mensure_2d[39m[38;5;124m"[39m, [38;5;28;01mTrue[39;00m):

File [0;32m~/opt/anaconda3/envs/DA4CHE/lib/python3.10/site-packages/sklearn/utils/validation.py:1387[0m, in [0;36mcheck_X_y[0;34m(X, y, accept_sparse, accept_large_sparse, dtype, order, copy, force_writeable, force_all_finite, ensure_all_finite, ensure_2d, allow_nd, multi_output, ensure_min_samples, ensure_min_features, y_numeric, estimator)[0m
[1;32m   1368[0m X [38;5;241m=[39m check_array(
[1;32m   1369[0m     X,
[1;32m   1370[0m     accept_sparse[38;5;241m=[39maccept_sparse,
[0;32m   (...)[0m
[1;32m   1382[0m     input_name[38;5;241m=[39m[38;5;124m"[39m[38;5;124mX[39m[38;5;124m"[39m,
[1;32m   1383[0m )
[1;32m   1385[0m y [38;5;241m=[39m _check_y(y, multi_output[38;5;241m=[39mmulti_output, y_numeric[38;5;241m=[39my_numeric, estimator[38;5;241m=[39mestimator)
[0;32m-> 1387[0m [43mcheck_consistent_length[49m[43m([49m[43mX[49m[43m,[49m[43m [49m[43my[49m[43m)[49m
[1;32m   1389[0m [38;5;28;01mreturn[39;00m X, y

File [0;32m~/opt/anaconda3/envs/DA4CHE/lib/python3.10/site-packages/sklearn/utils/validation.py:473[0m, in [0;36mcheck_consistent_length[0;34m(*arrays)[0m
[1;32m    471[0m lengths [38;5;241m=[39m [_num_samples(X) [38;5;28;01mfor[39;00m X [38;5;129;01min[39;00m arrays [38;5;28;01mif[39;00m X [38;5;129;01mis[39;00m [38;5;129;01mnot[39;00m [38;5;28;01mNone[39;00m]
[1;32m    472[0m [38;5;28;01mif[39;00m [38;5;28mlen[39m([38;5;28mset[39m(lengths)) [38;5;241m>[39m [38;5;241m1[39m:
[0;32m--> 473[0m     [38;5;28;01mraise[39;00m [38;5;167;01mValueError[39;00m(
[1;32m    474[0m         [38;5;124m"[39m[38;5;124mFound input variables with inconsistent numbers of samples: [39m[38;5;132;01m%r[39;00m[38;5;124m"[39m
[1;32m    475[0m         [38;5;241m%[39m [[38;5;28mint[39m(l) [38;5;28;01mfor[39;00m l [38;5;129;01min[39;00m lengths]
[1;32m    476[0m     )

[0;31mValueError[0m: Found input variables with inconsistent numbers of samples: [10297, 150]

